  Lab3 EP.cpp
c:\users\emil\documents\visual studio 2015\projects\lab3 ep\lab3 ep\sharedptr.h(42): error C4430: missing type specifier - int assumed. Note: C++ does not support default-int
  c:\users\emil\documents\visual studio 2015\projects\lab3 ep\lab3 ep\sharedptr.h(93): note: see reference to class template instantiation 'SharedPtr<T>' being compiled
c:\users\emil\documents\visual studio 2015\projects\lab3 ep\lab3 ep\sharedptr.h(42): error C2988: unrecognizable template declaration/definition
c:\users\emil\documents\visual studio 2015\projects\lab3 ep\lab3 ep\sharedptr.h(42): error C2143: syntax error: missing ',' before '<'
c:\users\emil\documents\visual studio 2015\projects\lab3 ep\lab3 ep\sharedptr.h(50): error C4430: missing type specifier - int assumed. Note: C++ does not support default-int
c:\users\emil\documents\visual studio 2015\projects\lab3 ep\lab3 ep\sharedptr.h(50): error C2988: unrecognizable template declaration/definition
c:\users\emil\documents\visual studio 2015\projects\lab3 ep\lab3 ep\sharedptr.h(50): error C2143: syntax error: missing ',' before '<'
c:\users\emil\documents\visual studio 2015\projects\lab3 ep\lab3 ep\lab3 ep.cpp(40): error C2512: 'SharedPtr<C>': no appropriate default constructor available
  c:\users\emil\documents\visual studio 2015\projects\lab3 ep\lab3 ep\lab3 ep.cpp(40): note: see declaration of 'SharedPtr<C>'
c:\users\emil\documents\visual studio 2015\projects\lab3 ep\lab3 ep\lab3 ep.cpp(41): error C2675: unary '!': 'SharedPtr<C>' does not define this operator or a conversion to a type acceptable to the predefined operator
c:\users\emil\documents\visual studio 2015\projects\lab3 ep\lab3 ep\lab3 ep.cpp(41): error C2088: '!': illegal for class
c:\users\emil\documents\visual studio 2015\projects\lab3 ep\lab3 ep\lab3 ep.cpp(42): error C2664: 'SharedPtr<C>::SharedPtr(const SharedPtr<C> &)': cannot convert argument 1 from 'nullptr' to 'const SharedPtr<C> &'
  c:\users\emil\documents\visual studio 2015\projects\lab3 ep\lab3 ep\lab3 ep.cpp(42): note: Reason: cannot convert from 'nullptr' to 'const SharedPtr<C>'
  c:\users\emil\documents\visual studio 2015\projects\lab3 ep\lab3 ep\lab3 ep.cpp(42): note: No constructor could take the source type, or constructor overload resolution was ambiguous
c:\users\emil\documents\visual studio 2015\projects\lab3 ep\lab3 ep\lab3 ep.cpp(43): error C2675: unary '!': 'SharedPtr<C>' does not define this operator or a conversion to a type acceptable to the predefined operator
c:\users\emil\documents\visual studio 2015\projects\lab3 ep\lab3 ep\lab3 ep.cpp(43): error C2088: '!': illegal for class
c:\users\emil\documents\visual studio 2015\projects\lab3 ep\lab3 ep\lab3 ep.cpp(45): error C2675: unary '!': 'SharedPtr<C>' does not define this operator or a conversion to a type acceptable to the predefined operator
c:\users\emil\documents\visual studio 2015\projects\lab3 ep\lab3 ep\lab3 ep.cpp(45): error C2088: '!': illegal for class
c:\users\emil\documents\visual studio 2015\projects\lab3 ep\lab3 ep\lab3 ep.cpp(47): error C2675: unary '!': 'SharedPtr<C>' does not define this operator or a conversion to a type acceptable to the predefined operator
c:\users\emil\documents\visual studio 2015\projects\lab3 ep\lab3 ep\lab3 ep.cpp(47): error C2088: '!': illegal for class
c:\users\emil\documents\visual studio 2015\projects\lab3 ep\lab3 ep\lab3 ep.cpp(49): error C2039: 'unique': is not a member of 'SharedPtr<C>'
  c:\users\emil\documents\visual studio 2015\projects\lab3 ep\lab3 ep\lab3 ep.cpp(40): note: see declaration of 'SharedPtr<C>'
c:\users\emil\documents\visual studio 2015\projects\lab3 ep\lab3 ep\lab3 ep.cpp(51): error C2675: unary '!': 'SharedPtr<C>' does not define this operator or a conversion to a type acceptable to the predefined operator
c:\users\emil\documents\visual studio 2015\projects\lab3 ep\lab3 ep\lab3 ep.cpp(51): error C2088: '!': illegal for class
c:\users\emil\documents\visual studio 2015\projects\lab3 ep\lab3 ep\lab3 ep.cpp(52): error C2039: 'unique': is not a member of 'SharedPtr<C>'
  c:\users\emil\documents\visual studio 2015\projects\lab3 ep\lab3 ep\lab3 ep.cpp(40): note: see declaration of 'SharedPtr<C>'
c:\users\emil\documents\visual studio 2015\projects\lab3 ep\lab3 ep\lab3 ep.cpp(60): error C2675: unary '!': 'SharedPtr<C>' does not define this operator or a conversion to a type acceptable to the predefined operator
c:\users\emil\documents\visual studio 2015\projects\lab3 ep\lab3 ep\lab3 ep.cpp(60): error C2088: '!': illegal for class
c:\users\emil\documents\visual studio 2015\projects\lab3 ep\lab3 ep\lab3 ep.cpp(63): error C2675: unary '!': 'SharedPtr<C>' does not define this operator or a conversion to a type acceptable to the predefined operator
c:\users\emil\documents\visual studio 2015\projects\lab3 ep\lab3 ep\lab3 ep.cpp(63): error C2088: '!': illegal for class
c:\users\emil\documents\visual studio 2015\projects\lab3 ep\lab3 ep\lab3 ep.cpp(68): error C2678: binary '==': no operator found which takes a left-hand operand of type 'SharedPtr<C>' (or there is no acceptable conversion)
  c:\program files (x86)\microsoft visual studio 14.0\vc\include\system_error(389): note: could be 'bool std::operator ==(const std::error_condition &,const std::error_condition &) noexcept'
  c:\program files (x86)\microsoft visual studio 14.0\vc\include\system_error(381): note: or       'bool std::operator ==(const std::error_condition &,const std::error_code &) noexcept'
  c:\program files (x86)\microsoft visual studio 14.0\vc\include\system_error(373): note: or       'bool std::operator ==(const std::error_code &,const std::error_condition &) noexcept'
  c:\program files (x86)\microsoft visual studio 14.0\vc\include\system_error(365): note: or       'bool std::operator ==(const std::error_code &,const std::error_code &) noexcept'
  c:\program files (x86)\microsoft visual studio 14.0\vc\include\exception(339): note: or       'bool std::operator ==(const std::exception_ptr &,std::nullptr_t) throw()'
  c:\program files (x86)\microsoft visual studio 14.0\vc\include\exception(334): note: or       'bool std::operator ==(std::nullptr_t,const std::exception_ptr &) throw()'
  c:\program files (x86)\microsoft visual studio 14.0\vc\include\exception(329): note: or       'bool std::operator ==(const std::exception_ptr &,const std::exception_ptr &) throw()'
  c:\users\emil\documents\visual studio 2015\projects\lab3 ep\lab3 ep\lab3 ep.cpp(68): note: while trying to match the argument list '(SharedPtr<C>, nullptr)'
c:\users\emil\documents\visual studio 2015\projects\lab3 ep\lab3 ep\lab3 ep.cpp(69): error C2678: binary '<': no operator found which takes a left-hand operand of type 'SharedPtr<C>' (or there is no acceptable conversion)
  c:\program files (x86)\microsoft visual studio 14.0\vc\include\system_error(436): note: could be 'bool std::operator <(const std::error_condition &,const std::error_condition &) noexcept'
  c:\program files (x86)\microsoft visual studio 14.0\vc\include\system_error(427): note: or       'bool std::operator <(const std::error_code &,const std::error_code &) noexcept'
  c:\users\emil\documents\visual studio 2015\projects\lab3 ep\lab3 ep\lab3 ep.cpp(69): note: while trying to match the argument list '(SharedPtr<C>, SharedPtr<C>)'
c:\users\emil\documents\visual studio 2015\projects\lab3 ep\lab3 ep\lab3 ep.cpp(70): error C2678: binary '<': no operator found which takes a left-hand operand of type 'SharedPtr<C>' (or there is no acceptable conversion)
  c:\program files (x86)\microsoft visual studio 14.0\vc\include\system_error(436): note: could be 'bool std::operator <(const std::error_condition &,const std::error_condition &) noexcept'
  c:\program files (x86)\microsoft visual studio 14.0\vc\include\system_error(427): note: or       'bool std::operator <(const std::error_code &,const std::error_code &) noexcept'
  c:\users\emil\documents\visual studio 2015\projects\lab3 ep\lab3 ep\lab3 ep.cpp(70): note: while trying to match the argument list '(SharedPtr<C>, SharedPtr<C>)'
c:\users\emil\documents\visual studio 2015\projects\lab3 ep\lab3 ep\lab3 ep.cpp(71): error C2678: binary '==': no operator found which takes a left-hand operand of type 'SharedPtr<C>' (or there is no acceptable conversion)
  c:\program files (x86)\microsoft visual studio 14.0\vc\include\system_error(389): note: could be 'bool std::operator ==(const std::error_condition &,const std::error_condition &) noexcept'
  c:\program files (x86)\microsoft visual studio 14.0\vc\include\system_error(381): note: or       'bool std::operator ==(const std::error_condition &,const std::error_code &) noexcept'
  c:\program files (x86)\microsoft visual studio 14.0\vc\include\system_error(373): note: or       'bool std::operator ==(const std::error_code &,const std::error_condition &) noexcept'
  c:\program files (x86)\microsoft visual studio 14.0\vc\include\system_error(365): note: or       'bool std::operator ==(const std::error_code &,const std::error_code &) noexcept'
  c:\program files (x86)\microsoft visual studio 14.0\vc\include\exception(339): note: or       'bool std::operator ==(const std::exception_ptr &,std::nullptr_t) throw()'
  c:\program files (x86)\microsoft visual studio 14.0\vc\include\exception(334): note: or       'bool std::operator ==(std::nullptr_t,const std::exception_ptr &) throw()'
  c:\program files (x86)\microsoft visual studio 14.0\vc\include\exception(329): note: or       'bool std::operator ==(const std::exception_ptr &,const std::exception_ptr &) throw()'
  c:\users\emil\documents\visual studio 2015\projects\lab3 ep\lab3 ep\lab3 ep.cpp(71): note: while trying to match the argument list '(SharedPtr<C>, SharedPtr<C>)'
c:\users\emil\documents\visual studio 2015\projects\lab3 ep\lab3 ep\lab3 ep.cpp(72): error C2678: binary '==': no operator found which takes a left-hand operand of type 'SharedPtr<C>' (or there is no acceptable conversion)
  c:\program files (x86)\microsoft visual studio 14.0\vc\include\system_error(389): note: could be 'bool std::operator ==(const std::error_condition &,const std::error_condition &) noexcept'
  c:\program files (x86)\microsoft visual studio 14.0\vc\include\system_error(381): note: or       'bool std::operator ==(const std::error_condition &,const std::error_code &) noexcept'
  c:\program files (x86)\microsoft visual studio 14.0\vc\include\system_error(373): note: or       'bool std::operator ==(const std::error_code &,const std::error_condition &) noexcept'
  c:\program files (x86)\microsoft visual studio 14.0\vc\include\system_error(365): note: or       'bool std::operator ==(const std::error_code &,const std::error_code &) noexcept'
  c:\program files (x86)\microsoft visual studio 14.0\vc\include\exception(339): note: or       'bool std::operator ==(const std::exception_ptr &,std::nullptr_t) throw()'
  c:\program files (x86)\microsoft visual studio 14.0\vc\include\exception(334): note: or       'bool std::operator ==(std::nullptr_t,const std::exception_ptr &) throw()'
  c:\program files (x86)\microsoft visual studio 14.0\vc\include\exception(329): note: or       'bool std::operator ==(const std::exception_ptr &,const std::exception_ptr &) throw()'
  c:\users\emil\documents\visual studio 2015\projects\lab3 ep\lab3 ep\lab3 ep.cpp(72): note: while trying to match the argument list '(SharedPtr<C>, SharedPtr<C>)'
c:\users\emil\documents\visual studio 2015\projects\lab3 ep\lab3 ep\lab3 ep.cpp(73): error C2678: binary '<': no operator found which takes a left-hand operand of type 'SharedPtr<C>' (or there is no acceptable conversion)
  c:\program files (x86)\microsoft visual studio 14.0\vc\include\system_error(436): note: could be 'bool std::operator <(const std::error_condition &,const std::error_condition &) noexcept'
  c:\program files (x86)\microsoft visual studio 14.0\vc\include\system_error(427): note: or       'bool std::operator <(const std::error_code &,const std::error_code &) noexcept'
  c:\users\emil\documents\visual studio 2015\projects\lab3 ep\lab3 ep\lab3 ep.cpp(73): note: while trying to match the argument list '(SharedPtr<C>, SharedPtr<C>)'
c:\users\emil\documents\visual studio 2015\projects\lab3 ep\lab3 ep\lab3 ep.cpp(73): error C2088: '<': illegal for class
c:\users\emil\documents\visual studio 2015\projects\lab3 ep\lab3 ep\lab3 ep.cpp(79): error C2675: unary '->': 'SharedPtr<C>' does not define this operator or a conversion to a type acceptable to the predefined operator
c:\users\emil\documents\visual studio 2015\projects\lab3 ep\lab3 ep\lab3 ep.cpp(79): error C2039: 'value': is not a member of 'SharedPtr<C>'
  c:\users\emil\documents\visual studio 2015\projects\lab3 ep\lab3 ep\lab3 ep.cpp(40): note: see declaration of 'SharedPtr<C>'
c:\users\emil\documents\visual studio 2015\projects\lab3 ep\lab3 ep\lab3 ep.cpp(79): error C2039: 'get': is not a member of 'SharedPtr<C>'
  c:\users\emil\documents\visual studio 2015\projects\lab3 ep\lab3 ep\lab3 ep.cpp(40): note: see declaration of 'SharedPtr<C>'
c:\users\emil\documents\visual studio 2015\projects\lab3 ep\lab3 ep\lab3 ep.cpp(79): error C2227: left of '->value' must point to class/struct/union/generic type
c:\users\emil\documents\visual studio 2015\projects\lab3 ep\lab3 ep\lab3 ep.cpp(80): error C2675: unary '->': 'SharedPtr<C>' does not define this operator or a conversion to a type acceptable to the predefined operator
c:\users\emil\documents\visual studio 2015\projects\lab3 ep\lab3 ep\lab3 ep.cpp(80): error C2039: 'value': is not a member of 'SharedPtr<C>'
  c:\users\emil\documents\visual studio 2015\projects\lab3 ep\lab3 ep\lab3 ep.cpp(40): note: see declaration of 'SharedPtr<C>'
c:\users\emil\documents\visual studio 2015\projects\lab3 ep\lab3 ep\lab3 ep.cpp(80): error C2039: 'get': is not a member of 'SharedPtr<C>'
  c:\users\emil\documents\visual studio 2015\projects\lab3 ep\lab3 ep\lab3 ep.cpp(40): note: see declaration of 'SharedPtr<C>'
c:\users\emil\documents\visual studio 2015\projects\lab3 ep\lab3 ep\lab3 ep.cpp(80): error C2227: left of '->value' must point to class/struct/union/generic type
c:\users\emil\documents\visual studio 2015\projects\lab3 ep\lab3 ep\lab3 ep.cpp(81): error C2783: 'T *SharedPtr<C>::operator *(void)': could not deduce template argument for 'T'
  c:\users\emil\documents\visual studio 2015\projects\lab3 ep\lab3 ep\sharedptr.h(81): note: see declaration of 'SharedPtr<C>::operator *'
c:\users\emil\documents\visual studio 2015\projects\lab3 ep\lab3 ep\lab3 ep.cpp(81): error C2100: illegal indirection
c:\users\emil\documents\visual studio 2015\projects\lab3 ep\lab3 ep\lab3 ep.cpp(81): error C2039: 'get': is not a member of 'SharedPtr<C>'
  c:\users\emil\documents\visual studio 2015\projects\lab3 ep\lab3 ep\lab3 ep.cpp(40): note: see declaration of 'SharedPtr<C>'
c:\users\emil\documents\visual studio 2015\projects\lab3 ep\lab3 ep\lab3 ep.cpp(85): error C2675: unary '->': 'SharedPtr<C>' does not define this operator or a conversion to a type acceptable to the predefined operator
c:\users\emil\documents\visual studio 2015\projects\lab3 ep\lab3 ep\lab3 ep.cpp(85): error C2039: 'value': is not a member of 'SharedPtr<C>'
  c:\users\emil\documents\visual studio 2015\projects\lab3 ep\lab3 ep\lab3 ep.cpp(40): note: see declaration of 'SharedPtr<C>'
c:\users\emil\documents\visual studio 2015\projects\lab3 ep\lab3 ep\lab3 ep.cpp(86): error C2675: unary '!': 'SharedPtr<C>' does not define this operator or a conversion to a type acceptable to the predefined operator
c:\users\emil\documents\visual studio 2015\projects\lab3 ep\lab3 ep\lab3 ep.cpp(86): error C2088: '!': illegal for class
c:\users\emil\documents\visual studio 2015\projects\lab3 ep\lab3 ep\lab3 ep.cpp(89): error C2675: unary '!': 'SharedPtr<C>' does not define this operator or a conversion to a type acceptable to the predefined operator
c:\users\emil\documents\visual studio 2015\projects\lab3 ep\lab3 ep\lab3 ep.cpp(89): error C2088: '!': illegal for class
